Starting Wiki Builder v2 (Frontmatter + Alias + Graph)...
Previously processed: 107 emails
Alias Registry: 15 entries
Graph Store: 15 nodes, 0 edges
🔍 正在掃描本地原始數據目錄: raw/emails ...
📊 發現共 27645 封原始郵件，篩選前 500 封...
🚀 偵測到 500 封新郵件待提取，開始知識映射程序...
  > 正在分析: RE: [EXTERNAL] 【凱益】Bioburden委託檢驗申請書 ...
  [Fallback] Using Heuristic Extraction for: RE: [EXTERNAL] 【凱益】Bioburden委託檢驗申請書
  > 正在分析: 104自訂配對人選【品管工程師】徐君炆(新竹縣湖口鄉) ...
  [Fallback] Using Heuristic Extraction for: 104自訂配對人選【品管工程師】徐君炆(新竹縣湖口鄉)
  > 正在分析: RE: 【QMS稽核矯正措失】M06002供應商管理規範 ...
  [Fallback] Using Heuristic Extraction for: RE: 【QMS稽核矯正措失】M06002供應商管理規範
  > 正在分析: RE: 【凱益】請提供COA資料 ...
  [Fallback] Using Heuristic Extraction for: RE: 【凱益】請提供COA資料
  > 正在分析: 異地生產料號 FA 查詢 ...
  [Fallback] Using Heuristic Extraction for: 異地生產料號 FA 查詢
  > 正在分析: FW: R1-15459 - SPIKE, BAG, CLAVE SIDE PORT, .162/.170 TUBING MOULDEX CO., LTD. - Lot IC250673 ...
  [Fallback] Using Heuristic Extraction for: FW: R1-15459 - SPIKE, BAG, CLAVE SIDE PORT, .162/.170 TUBING MOULDEX CO., LTD. - Lot IC250673
  > 正在分析: 東林易 2026-04-26～ 2026-05-02 Sorting 不良分析 ...
  [Fallback] Using Heuristic Extraction for: 東林易 2026-04-26～ 2026-05-02 Sorting 不良分析
  > 正在分析: RE: B-450 issue ...
  [Fallback] Using Heuristic Extraction for: RE: B-450 issue
  > 正在分析: RE: Blackbelt洩漏檢測儀 年度校驗&儀器的消耗品更換時間表 ...
  [Fallback] Using Heuristic Extraction for: RE: Blackbelt洩漏檢測儀 年度校驗&儀器的消耗品更換時間表
  > 正在分析: RE: 【QMS稽核矯正措失】M06002供應商管理規範 ...
  [Fallback] Using Heuristic Extraction for: RE: 【QMS稽核矯正措失】M06002供應商管理規範
  > 正在分析: Aureumaex_PO-08344 ...
  [Fallback] Using Heuristic Extraction for: Aureumaex_PO-08344
  > 正在分析: RE: SGS Draft Report : PUB25A00220 [凱益股份有限公司] ...
  [Fallback] Using Heuristic Extraction for: RE: SGS Draft Report : PUB25A00220 [凱益股份有限公司]
  > 正在分析: 隔離報告 ...
  [Fallback] Using Heuristic Extraction for: 隔離報告
  > 正在分析: RE: ICU_R1-15459客訴調查 ...
  [Fallback] Using Heuristic Extraction for: RE: ICU_R1-15459客訴調查
  > 正在分析: CIV0000467 ...
  [Fallback] Using Heuristic Extraction for: CIV0000467
  > 正在分析: RE: ICU_R1-15459客訴調查 ...
  [Fallback] Using Heuristic Extraction for: RE: ICU_R1-15459客訴調查
  > 正在分析: 訂單修正_260505 ...
  [Fallback] Using Heuristic Extraction for: 訂單修正_260505
  > 正在分析: 產品C09-350-211-1、E09-999-412-2、G13-001-122 製程確效計畫- 待審核 ...
  [Fallback] Using Heuristic Extraction for: 產品C09-350-211-1、E09-999-412-2、G13-001-122 製程確效計畫- 待審核
  > 正在分析: 2025-11-07_製程確效計畫審查 ...
  [Fallback] Using Heuristic Extraction for: 2025-11-07_製程確效計畫審查
  > 正在分析: RE: 104應徵履歷【品管檢驗員】黃馨-(重約面試:5/6下午2:00) ...
  [Fallback] Using Heuristic Extraction for: RE: 104應徵履歷【品管檢驗員】黃馨-(重約面試:5/6下午2:00)
  > 正在分析: 新制定「注射座自動裝配機操作保養作業標準」(FC09022) ...
  [Fallback] Using Heuristic Extraction for: 新制定「注射座自動裝配機操作保養作業標準」(FC09022)
  > 正在分析: FW: C74-49954 ...
  [Fallback] Using Heuristic Extraction for: FW: C74-49954
  > 正在分析: 鉞發有限公司-Q-1142682-凱益-Blackbelt壓力傳感器校驗及檢修費用 ...
  [Fallback] Using Heuristic Extraction for: 鉞發有限公司-Q-1142682-凱益-Blackbelt壓力傳感器校驗及檢修費用
  > 正在分析: 2025-11-10_製程確效報告審查 ...
  [Fallback] Using Heuristic Extraction for: 2025-11-10_製程確效報告審查
  > 正在分析: RE: [EXTERNAL] 【凱益】落下菌檢測委託檢驗申請  SGS報價單-QDNS25600005-(凱益股份有限公司) ...
  [Fallback] Using Heuristic Extraction for: RE: [EXTERNAL] 【凱益】落下菌檢測委託檢驗申請  SGS報價單-QDNS25600005-(凱益股份有限公司)
  > 正在分析: FW: COLOR ...
  [Fallback] Using Heuristic Extraction for: FW: COLOR
  > 正在分析: 玻璃尺校正報告 ...
  [Fallback] Using Heuristic Extraction for: 玻璃尺校正報告
  > 正在分析: FW: MOULDEX TW - Male to male luer lock (SA0100) ...
  [Fallback] Using Heuristic Extraction for: FW: MOULDEX TW - Male to male luer lock (SA0100)
  > 正在分析: RE: [EXTERNAL] 【凱益】落下菌檢測委託檢驗申請  SGS報價單-QDNS25600005-(凱益股份有限公司) ...
  [Fallback] Using Heuristic Extraction for: RE: [EXTERNAL] 【凱益】落下菌檢測委託檢驗申請  SGS報價單-QDNS25600005-(凱益股份有限公司)
  > 正在分析: 2025-11-12_製程確效報告發行 ...
  [Fallback] Using Heuristic Extraction for: 2025-11-12_製程確效報告發行
  > 正在分析: 3PM4K1033_44-002 ...
  [Fallback] Using Heuristic Extraction for: 3PM4K1033_44-002
  > 正在分析: 請提供COA資料_凱益 ...
  [Fallback] Using Heuristic Extraction for: 請提供COA資料_凱益
  > 正在分析: RE: 請提供COA證明 ...
  [Fallback] Using Heuristic Extraction for: RE: 請提供COA證明
  > 正在分析: 訂單修正_251113 ...
  [Fallback] Using Heuristic Extraction for: 訂單修正_251113
  > 正在分析: 【104重要通知】 104招募管理_帳號設定 ...
  [Fallback] Using Heuristic Extraction for: 【104重要通知】 104招募管理_帳號設定
  > 正在分析: 敬邀參加~工研院量測中心主辦115.01.06_"如何依照ISO 17025：2017要求執行內部校正"(簡章如附件),歡迎報名參加,謝謝!(如有打擾,敬請見諒,或回覆e-mail告知自資料庫中刪除) ...
  [Fallback] Using Heuristic Extraction for: 敬邀參加~工研院量測中心主辦115.01.06_"如何依照ISO 17025：2017要求執行內部校正"(簡章如附件),歡迎報名參加,謝謝!(如有打擾,敬請見諒,或回覆e-mail告知自資料庫中刪除)
  > 正在分析: 【凱益】供應商問卷調查表 ...
  [Fallback] Using Heuristic Extraction for: 【凱益】供應商問卷調查表
  > 正在分析: 104應徵履歷【品管檢驗員】張佳容(新竹縣湖口鄉) ...
  [Fallback] Using Heuristic Extraction for: 104應徵履歷【品管檢驗員】張佳容(新竹縣湖口鄉)
  > 正在分析: 114年人事行政局行事曆修正 ...
